Using cuda device
Epoch 1
-------------------------------
/zhome/02/7/160257/EEG-Biometric/EEG/lib/python3.9/site-packages/torch/nn/functional.py:718: UserWarning: Named tensors and all their associated APIs are an experimental feature and subject to change. Please do not use them for anything important until they are released as stable. (Triggered internally at  /pytorch/c10/core/TensorImpl.h:1156.)
  return torch.max_pool2d(input, kernel_size, stride, padding, dilation, ceil_mode)
loss: 1.129211  [    0/  629]
loss: 1.283523  [   40/  629]
loss: 0.686127  [   80/  629]
loss: 0.596885  [  120/  629]
loss: 1.442167  [  160/  629]
loss: 0.368831  [  200/  629]
loss: 1.095120  [  240/  629]
loss: 0.343449  [  280/  629]
loss: 0.784122  [  320/  629]
loss: 0.975819  [  360/  629]
loss: 0.359207  [  400/  629]
loss: 0.683854  [  440/  629]
loss: 1.182057  [  480/  629]
loss: 1.435355  [  520/  629]
loss: 0.342094  [  560/  629]
loss: 0.478419  [  600/  629]
tensor([0, 1, 0, 1], device='cuda:0')
tensor([0, 1, 1, 1], device='cuda:0')
tensor([0, 1, 1, 0], device='cuda:0')
tensor([1, 0, 0, 1], device='cuda:0')
tensor([1, 0, 0, 0], device='cuda:0')
tensor([0, 0, 1, 1], device='cuda:0')
tensor([0, 0, 1, 1], device='cuda:0')
tensor([0, 0, 0, 1], device='cuda:0')
tensor([1, 0, 0, 0], device='cuda:0')
tensor([0, 0, 1, 0], device='cuda:0')
tensor([1, 1, 1, 1], device='cuda:0')
tensor([0, 1, 0, 0], device='cuda:0')
tensor([0, 1, 0, 1], device='cuda:0')
tensor([0, 1, 1, 0], device='cuda:0')
tensor([0, 0, 0, 0], device='cuda:0')
tensor([0, 0, 0, 1], device='cuda:0')
tensor([1, 1, 0, 1], device='cuda:0')
tensor([1, 0, 0, 0], device='cuda:0')
tensor([0, 0, 1, 1], device='cuda:0')
tensor([0, 0, 0, 1], device='cuda:0')
tensor([0, 0, 0, 1], device='cuda:0')
tensor([0, 1, 1, 0], device='cuda:0')
tensor([1, 1, 0, 0], device='cuda:0')
tensor([1, 0, 0, 1], device='cuda:0')
tensor([1, 0, 0, 0], device='cuda:0')
tensor([1, 1, 0, 1], device='cuda:0')
tensor([0, 1, 1, 0], device='cuda:0')
tensor([1, 0, 1, 1], device='cuda:0')
tensor([0, 0, 1, 0], device='cuda:0')
tensor([1, 0, 1, 1], device='cuda:0')
tensor([0, 0, 0, 0], device='cuda:0')
tensor([0, 0, 0, 0], device='cuda:0')
tensor([0, 0, 1, 0], device='cuda:0')
tensor([1, 1, 0, 0], device='cuda:0')
tensor([0, 1, 0, 0], device='cuda:0')
tensor([1, 0, 1, 1], device='cuda:0')
tensor([0, 0, 0, 0], device='cuda:0')
tensor([1, 1, 0, 0], device='cuda:0')
tensor([0, 0, 0, 1], device='cuda:0')
tensor([0, 1, 1, 1], device='cuda:0')
tensor([0, 1, 1, 0], device='cuda:0')
tensor([0, 1, 0, 0], device='cuda:0')
tensor([0, 0, 0, 1], device='cuda:0')
tensor([1, 0, 0, 0], device='cuda:0')
tensor([1, 0, 0, 1], device='cuda:0')
tensor([0, 1, 1, 0], device='cuda:0')
tensor([0, 1, 0, 1], device='cuda:0')
tensor([1, 1, 0, 0], device='cuda:0')
tensor([0, 0, 0, 1], device='cuda:0')
tensor([0, 0, 1, 0], device='cuda:0')
tensor([0, 1, 1, 0], device='cuda:0')
tensor([1, 0, 1, 0], device='cuda:0')
tensor([0, 0, 0, 0], device='cuda:0')
tensor([1, 0, 0, 0], device='cuda:0')
tensor([0, 1, 0, 0], device='cuda:0')
tensor([1, 1, 1, 0], device='cuda:0')
tensor([0, 1, 0, 0], device='cuda:0')
tensor([0, 0, 1, 1], device='cuda:0')
tensor([0, 0, 0, 1], device='cuda:0')
tensor([0, 0, 1, 0], device='cuda:0')
tensor([1, 1, 1, 1], device='cuda:0')
tensor([1, 1, 0, 1], device='cuda:0')
tensor([1, 0, 0, 0], device='cuda:0')
tensor([1, 1, 0, 1], device='cuda:0')
tensor([1, 1, 0, 0], device='cuda:0')
tensor([1, 1, 0, 0], device='cuda:0')
tensor([0, 1, 0, 0], device='cuda:0')
tensor([0, 0, 1, 0], device='cuda:0')
tensor([1, 0, 0, 1], device='cuda:0')
tensor([1, 0, 1, 1], device='cuda:0')
tensor([0, 0, 0, 0], device='cuda:0')
tensor([1, 1, 1, 0], device='cuda:0')
tensor([0, 1, 1, 1], device='cuda:0')
tensor([0, 0, 1, 1], device='cuda:0')
tensor([0, 0, 1, 0], device='cuda:0')
tensor([0, 0, 0, 0], device='cuda:0')
tensor([1, 1, 1, 1], device='cuda:0')
tensor([1, 1, 0, 1], device='cuda:0')
tensor([0, 1, 0, 0], device='cuda:0')
tensor([0, 0, 0, 1], device='cuda:0')
tensor([1, 1, 0, 0], device='cuda:0')
tensor([1, 1, 0, 1], device='cuda:0')
tensor([1, 1, 0, 1], device='cuda:0')
tensor([1, 0, 0, 0], device='cuda:0')
tensor([0, 0, 1, 1], device='cuda:0')
tensor([1, 0, 0, 1], device='cuda:0')
tensor([0, 1, 0, 1], device='cuda:0')
tensor([0, 0, 0, 1], device='cuda:0')
tensor([0, 0, 0, 0], device='cuda:0')
tensor([0, 1, 0, 1], device='cuda:0')
tensor([1, 1, 0, 1], device='cuda:0')
tensor([0, 0, 0, 1], device='cuda:0')
tensor([1, 0, 1, 1], device='cuda:0')
tensor([1, 0, 0, 1], device='cuda:0')
tensor([0, 1, 1, 1], device='cuda:0')
tensor([0, 0, 1, 1], device='cuda:0')
tensor([0, 1, 0, 0], device='cuda:0')
tensor([1, 0, 0, 1], device='cuda:0')
tensor([0, 0, 0, 0], device='cuda:0')
tensor([1, 1, 0, 1], device='cuda:0')
tensor([1, 1, 1, 0], device='cuda:0')
tensor([1, 0, 1, 1], device='cuda:0')
tensor([1, 0, 0, 0], device='cuda:0')
tensor([1, 0, 0, 0], device='cuda:0')
tensor([0, 0, 0, 0], device='cuda:0')
tensor([1, 0, 1, 1], device='cuda:0')
tensor([1, 1, 0, 1], device='cuda:0')
tensor([0, 1, 1, 0], device='cuda:0')
tensor([1, 0, 0, 0], device='cuda:0')
tensor([0, 0, 0, 0], device='cuda:0')
tensor([1, 0, 0, 0], device='cuda:0')
tensor([1, 1, 0, 1], device='cuda:0')
tensor([1, 0, 0, 0], device='cuda:0')
tensor([0, 0, 1, 1], device='cuda:0')
tensor([1, 0, 1, 0], device='cuda:0')
tensor([1, 0, 0, 1], device='cuda:0')
tensor([1, 0, 1, 0], device='cuda:0')
tensor([1, 0, 0, 0], device='cuda:0')
tensor([0, 0, 1, 1], device='cuda:0')
tensor([1, 1, 0, 1], device='cuda:0')
tensor([1, 0, 0, 0], device='cuda:0')
tensor([1, 1, 1, 0], device='cuda:0')
tensor([0, 0, 0, 1], device='cuda:0')
tensor([0, 1, 1, 0], device='cuda:0')
tensor([1, 0, 1, 0], device='cuda:0')
tensor([0, 1, 0, 0], device='cuda:0')
tensor([0, 1, 1, 0], device='cuda:0')
tensor([1, 1, 1, 1], device='cuda:0')
tensor([0, 0, 0, 0], device='cuda:0')
tensor([1, 0, 1, 0], device='cuda:0')
tensor([0, 0, 1, 1], device='cuda:0')
tensor([0, 0, 1, 0], device='cuda:0')
tensor([1, 1, 1, 1], device='cuda:0')
tensor([1, 1, 1, 0], device='cuda:0')
tensor([0, 0, 0, 1], device='cuda:0')
tensor([0, 0, 1, 1], device='cuda:0')
tensor([0, 1, 1, 0], device='cuda:0')
tensor([0, 0, 1, 1], device='cuda:0')
tensor([0, 0, 0, 1], device='cuda:0')
tensor([1, 1, 1, 1], device='cuda:0')
tensor([1, 0, 0, 0], device='cuda:0')
tensor([0, 0, 0, 0], device='cuda:0')
tensor([0, 1, 0, 1], device='cuda:0')
tensor([0, 0, 0, 1], device='cuda:0')
tensor([0, 0, 0, 1], device='cuda:0')
tensor([0, 1, 1, 0], device='cuda:0')
tensor([1, 0, 1, 1], device='cuda:0')
tensor([0, 1, 1, 1], device='cuda:0')
tensor([1, 0, 1, 1], device='cuda:0')
tensor([1, 0, 1, 1], device='cuda:0')
tensor([0, 0, 0, 0], device='cuda:0')
tensor([1, 0, 1, 0], device='cuda:0')
tensor([1, 0, 0, 0], device='cuda:0')
tensor([1, 0, 0], device='cuda:0')
Test Error: 
 Accuracy: 62.9%, Avg loss: 0.740162 

Epoch 2
-------------------------------
loss: 1.275295  [    0/  629]
loss: 0.566884  [   40/  629]
loss: 1.035251  [   80/  629]
loss: 0.703928  [  120/  629]
loss: 0.612130  [  160/  629]
loss: 0.667939  [  200/  629]
loss: 0.202596  [  240/  629]
loss: 0.217259  [  280/  629]
loss: 0.505504  [  320/  629]
loss: 0.594729  [  360/  629]
loss: 0.339522  [  400/  629]
loss: 0.492096  [  440/  629]
loss: 1.284830  [  480/  629]
loss: 0.707002  [  520/  629]
loss: 0.385622  [  560/  629]
loss: 0.538224  [  600/  629]
tensor([0, 0, 1, 0], device='cuda:0')
tensor([0, 1, 1, 1], device='cuda:0')
tensor([0, 1, 1, 1], device='cuda:0')
tensor([1, 1, 0, 0], device='cuda:0')
tensor([1, 0, 0, 1], device='cuda:0')
tensor([1, 1, 0, 0], device='cuda:0')
tensor([1, 0, 1, 1], device='cuda:0')
tensor([1, 1, 1, 0], device='cuda:0')
tensor([0, 0, 0, 1], device='cuda:0')
tensor([1, 0, 1, 0], device='cuda:0')
tensor([1, 0, 1, 0], device='cuda:0')
tensor([1, 0, 1, 0], device='cuda:0')
tensor([0, 0, 0, 1], device='cuda:0')
tensor([1, 0, 0, 0], device='cuda:0')
tensor([0, 1, 1, 1], device='cuda:0')
tensor([0, 0, 0, 0], device='cuda:0')
tensor([1, 0, 1, 1], device='cuda:0')
tensor([0, 0, 1, 0], device='cuda:0')
tensor([0, 0, 1, 1], device='cuda:0')
tensor([0, 1, 0, 1], device='cuda:0')
tensor([0, 1, 1, 0], device='cuda:0')
tensor([1, 0, 0, 1], device='cuda:0')
tensor([0, 1, 1, 1], device='cuda:0')
tensor([0, 1, 1, 0], device='cuda:0')
tensor([0, 0, 0, 0], device='cuda:0')
tensor([0, 0, 1, 0], device='cuda:0')
tensor([1, 1, 0, 1], device='cuda:0')
tensor([1, 1, 0, 1], device='cuda:0')
tensor([0, 0, 1, 0], device='cuda:0')
tensor([0, 0, 0, 0], device='cuda:0')
tensor([0, 0, 1, 0], device='cuda:0')
tensor([0, 1, 0, 0], device='cuda:0')
tensor([0, 1, 0, 0], device='cuda:0')
tensor([0, 0, 1, 0], device='cuda:0')
tensor([1, 1, 0, 1], device='cuda:0')
tensor([0, 1, 0, 1], device='cuda:0')
tensor([1, 1, 1, 0], device='cuda:0')
tensor([1, 0, 0, 0], device='cuda:0')
tensor([0, 0, 1, 0], device='cuda:0')
tensor([0, 0, 0, 0], device='cuda:0')
tensor([0, 0, 0, 1], device='cuda:0')
tensor([0, 0, 1, 1], device='cuda:0')
tensor([0, 1, 1, 0], device='cuda:0')
tensor([0, 1, 0, 1], device='cuda:0')
tensor([0, 0, 1, 1], device='cuda:0')
tensor([0, 0, 1, 0], device='cuda:0')
tensor([1, 0, 1, 0], device='cuda:0')
tensor([0, 0, 0, 0], device='cuda:0')
tensor([0, 0, 0, 1], device='cuda:0')
tensor([1, 1, 1, 0], device='cuda:0')
tensor([1, 1, 1, 1], device='cuda:0')
tensor([1, 1, 0, 0], device='cuda:0')
tensor([1, 0, 1, 1], device='cuda:0')
tensor([1, 0, 1, 1], device='cuda:0')
tensor([1, 1, 0, 0], device='cuda:0')
tensor([0, 0, 0, 0], device='cuda:0')
tensor([1, 1, 0, 0], device='cuda:0')
tensor([0, 0, 1, 0], device='cuda:0')
tensor([0, 1, 1, 1], device='cuda:0')
tensor([1, 0, 0, 1], device='cuda:0')
tensor([0, 1, 1, 1], device='cuda:0')
tensor([1, 1, 0, 0], device='cuda:0')
tensor([0, 0, 0, 1], device='cuda:0')
tensor([1, 0, 1, 0], device='cuda:0')
tensor([1, 0, 1, 0], device='cuda:0')
tensor([0, 1, 0, 1], device='cuda:0')
tensor([1, 0, 0, 1], device='cuda:0')
tensor([0, 1, 1, 1], device='cuda:0')
tensor([1, 1, 1, 0], device='cuda:0')
tensor([0, 1, 0, 1], device='cuda:0')
tensor([0, 0, 0, 1], device='cuda:0')
tensor([0, 0, 0, 0], device='cuda:0')
tensor([0, 1, 0, 1], device='cuda:0')
tensor([1, 1, 0, 0], device='cuda:0')
tensor([0, 0, 0, 0], device='cuda:0')
tensor([1, 0, 0, 0], device='cuda:0')
tensor([0, 1, 1, 0], device='cuda:0')
tensor([1, 1, 1, 1], device='cuda:0')
tensor([1, 0, 0, 0], device='cuda:0')
tensor([0, 1, 1, 1], device='cuda:0')
tensor([0, 1, 0, 0], device='cuda:0')
tensor([0, 0, 0, 1], device='cuda:0')
tensor([1, 0, 0, 0], device='cuda:0')
tensor([0, 1, 0, 1], device='cuda:0')
tensor([1, 1, 0, 1], device='cuda:0')
tensor([0, 0, 1, 0], device='cuda:0')
tensor([0, 1, 0, 1], device='cuda:0')
tensor([1, 1, 0, 0], device='cuda:0')
tensor([1, 1, 1, 0], device='cuda:0')
tensor([1, 1, 1, 0], device='cuda:0')
tensor([0, 1, 1, 0], device='cuda:0')
tensor([0, 1, 0, 0], device='cuda:0')
tensor([0, 1, 0, 0], device='cuda:0')
tensor([0, 1, 0, 0], device='cuda:0')
tensor([1, 0, 0, 1], device='cuda:0')
tensor([0, 0, 1, 0], device='cuda:0')
tensor([0, 0, 1, 0], device='cuda:0')
tensor([0, 1, 0, 1], device='cuda:0')
tensor([0, 0, 1, 0], device='cuda:0')
tensor([0, 1, 1, 0], device='cuda:0')
tensor([0, 1, 0, 0], device='cuda:0')
tensor([0, 0, 1, 1], device='cuda:0')
tensor([1, 0, 0, 0], device='cuda:0')
tensor([0, 0, 1, 0], device='cuda:0')
tensor([1, 0, 1, 1], device='cuda:0')
tensor([0, 1, 1, 1], device='cuda:0')
tensor([0, 0, 0, 0], device='cuda:0')
tensor([1, 0, 0, 0], device='cuda:0')
tensor([0, 1, 1, 0], device='cuda:0')
tensor([0, 0, 0, 1], device='cuda:0')
tensor([0, 0, 0, 0], device='cuda:0')
tensor([0, 0, 1, 1], device='cuda:0')
tensor([0, 1, 1, 1], device='cuda:0')
tensor([0, 0, 1, 0], device='cuda:0')
tensor([1, 0, 0, 0], device='cuda:0')
tensor([0, 1, 1, 1], device='cuda:0')
tensor([0, 1, 0, 1], device='cuda:0')
tensor([1, 1, 1, 0], device='cuda:0')
tensor([0, 1, 0, 0], device='cuda:0')
tensor([0, 1, 1, 1], device='cuda:0')
tensor([1, 0, 1, 0], device='cuda:0')
tensor([1, 0, 1, 0], device='cuda:0')
tensor([0, 1, 0, 0], device='cuda:0')
tensor([0, 1, 1, 0], device='cuda:0')
tensor([1, 1, 0, 0], device='cuda:0')
tensor([1, 0, 0, 0], device='cuda:0')
tensor([0, 0, 0, 0], device='cuda:0')
tensor([0, 0, 1, 0], device='cuda:0')
tensor([0, 0, 0, 0], device='cuda:0')
tensor([1, 1, 1, 0], device='cuda:0')
tensor([1, 0, 0, 0], device='cuda:0')
tensor([1, 0, 1, 1], device='cuda:0')
tensor([0, 1, 0, 1], device='cuda:0')
tensor([1, 0, 0, 0], device='cuda:0')
tensor([1, 1, 0, 0], device='cuda:0')
tensor([0, 0, 0, 1], device='cuda:0')
tensor([1, 1, 0, 0], device='cuda:0')
tensor([0, 0, 0, 1], device='cuda:0')
tensor([1, 0, 1, 0], device='cuda:0')
tensor([0, 1, 1, 1], device='cuda:0')
tensor([1, 0, 0, 1], device='cuda:0')
tensor([1, 0, 1, 1], device='cuda:0')
tensor([1, 1, 1, 1], device='cuda:0')
tensor([0, 1, 0, 1], device='cuda:0')
tensor([0, 0, 0, 0], device='cuda:0')
tensor([1, 1, 1, 0], device='cuda:0')
tensor([0, 0, 0, 0], device='cuda:0')
tensor([0, 0, 0, 0], device='cuda:0')
tensor([1, 1, 1, 0], device='cuda:0')
tensor([1, 0, 1, 1], device='cuda:0')
tensor([0, 1, 0, 0], device='cuda:0')
tensor([1, 1, 1, 1], device='cuda:0')
tensor([1, 0, 0, 1], device='cuda:0')
tensor([0, 1, 0], device='cuda:0')
Test Error: 
 Accuracy: 71.4%, Avg loss: 0.656288 

Epoch 3
-------------------------------
loss: 0.623028  [    0/  629]
loss: 0.497113  [   40/  629]
loss: 0.408361  [   80/  629]
loss: 0.402512  [  120/  629]
loss: 0.123833  [  160/  629]
loss: 0.535582  [  200/  629]
loss: 0.390435  [  240/  629]
loss: 1.391329  [  280/  629]
loss: 1.145943  [  320/  629]
loss: 0.430507  [  360/  629]
loss: 0.229232  [  400/  629]
loss: 0.859095  [  440/  629]
loss: 0.735520  [  480/  629]
loss: 0.649181  [  520/  629]
loss: 1.223240  [  560/  629]
loss: 0.293835  [  600/  629]
tensor([0, 0, 0, 0], device='cuda:0')
tensor([0, 0, 1, 0], device='cuda:0')
tensor([1, 0, 0, 0], device='cuda:0')
tensor([1, 1, 0, 0], device='cuda:0')
tensor([1, 0, 0, 1], device='cuda:0')
tensor([0, 0, 0, 0], device='cuda:0')
tensor([0, 1, 1, 0], device='cuda:0')
tensor([1, 1, 1, 0], device='cuda:0')
tensor([0, 0, 0, 0], device='cuda:0')
tensor([0, 1, 0, 0], device='cuda:0')
tensor([0, 0, 0, 1], device='cuda:0')
tensor([0, 1, 1, 1], device='cuda:0')
tensor([0, 1, 1, 1], device='cuda:0')
tensor([0, 1, 1, 1], device='cuda:0')
tensor([1, 1, 1, 0], device='cuda:0')
tensor([0, 0, 0, 1], device='cuda:0')
tensor([0, 1, 0, 0], device='cuda:0')
tensor([0, 1, 1, 1], device='cuda:0')
tensor([0, 0, 0, 1], device='cuda:0')
tensor([0, 0, 1, 0], device='cuda:0')
tensor([1, 0, 0, 0], device='cuda:0')
tensor([0, 0, 0, 1], device='cuda:0')
tensor([0, 1, 1, 1], device='cuda:0')
tensor([0, 1, 0, 0], device='cuda:0')
tensor([1, 0, 1, 0], device='cuda:0')
tensor([0, 1, 0, 0], device='cuda:0')
tensor([1, 0, 0, 1], device='cuda:0')
tensor([0, 1, 0, 0], device='cuda:0')
tensor([1, 0, 1, 0], device='cuda:0')
tensor([0, 0, 1, 1], device='cuda:0')
tensor([0, 1, 0, 0], device='cuda:0')
tensor([1, 0, 1, 0], device='cuda:0')
tensor([1, 0, 0, 1], device='cuda:0')
tensor([0, 1, 0, 1], device='cuda:0')
tensor([0, 1, 0, 0], device='cuda:0')
tensor([1, 0, 0, 0], device='cuda:0')
tensor([0, 1, 1, 0], device='cuda:0')
tensor([1, 0, 1, 0], device='cuda:0')
tensor([1, 1, 1, 1], device='cuda:0')
tensor([0, 1, 0, 0], device='cuda:0')
tensor([0, 0, 0, 0], device='cuda:0')
tensor([0, 0, 0, 0], device='cuda:0')
tensor([1, 1, 0, 1], device='cuda:0')
tensor([0, 0, 0, 0], device='cuda:0')
tensor([1, 1, 0, 0], device='cuda:0')
tensor([0, 1, 1, 0], device='cuda:0')
tensor([0, 0, 1, 1], device='cuda:0')
tensor([0, 1, 1, 1], device='cuda:0')
tensor([0, 0, 0, 1], device='cuda:0')
tensor([1, 1, 1, 1], device='cuda:0')
tensor([0, 0, 0, 1], device='cuda:0')
tensor([0, 1, 0, 1], device='cuda:0')
tensor([1, 1, 1, 0], device='cuda:0')
tensor([1, 0, 1, 1], device='cuda:0')
tensor([1, 0, 1, 1], device='cuda:0')
tensor([1, 0, 0, 1], device='cuda:0')
tensor([1, 0, 0, 1], device='cuda:0')
tensor([1, 0, 1, 0], device='cuda:0')
tensor([0, 0, 1, 0], device='cuda:0')
tensor([0, 1, 0, 1], device='cuda:0')
tensor([1, 1, 0, 1], device='cuda:0')
tensor([1, 0, 0, 0], device='cuda:0')
tensor([0, 1, 1, 0], device='cuda:0')
tensor([1, 1, 1, 0], device='cuda:0')
tensor([1, 1, 1, 0], device='cuda:0')
tensor([0, 0, 1, 0], device='cuda:0')
tensor([0, 0, 0, 0], device='cuda:0')
tensor([1, 1, 1, 0], device='cuda:0')
tensor([0, 0, 1, 1], device='cuda:0')
tensor([0, 0, 0, 1], device='cuda:0')
tensor([0, 1, 1, 1], device='cuda:0')
tensor([0, 0, 0, 1], device='cuda:0')
tensor([0, 0, 1, 1], device='cuda:0')
tensor([1, 0, 1, 1], device='cuda:0')
tensor([1, 0, 0, 0], device='cuda:0')
tensor([1, 0, 0, 1], device='cuda:0')
tensor([0, 1, 0, 0], device='cuda:0')
tensor([1, 0, 0, 0], device='cuda:0')
tensor([0, 0, 1, 0], device='cuda:0')
tensor([0, 0, 0, 1], device='cuda:0')
tensor([0, 0, 1, 1], device='cuda:0')
tensor([1, 0, 0, 1], device='cuda:0')
tensor([0, 0, 0, 1], device='cuda:0')
tensor([0, 1, 1, 0], device='cuda:0')
tensor([1, 1, 1, 1], device='cuda:0')
tensor([1, 0, 0, 0], device='cuda:0')
tensor([0, 0, 0, 1], device='cuda:0')
tensor([1, 1, 1, 1], device='cuda:0')
tensor([1, 0, 0, 1], device='cuda:0')
tensor([0, 0, 0, 1], device='cuda:0')
tensor([1, 1, 0, 0], device='cuda:0')
tensor([0, 0, 0, 1], device='cuda:0')
tensor([0, 0, 0, 1], device='cuda:0')
tensor([0, 1, 0, 1], device='cuda:0')
tensor([1, 1, 1, 1], device='cuda:0')
tensor([1, 0, 1, 0], device='cuda:0')
tensor([0, 0, 1, 1], device='cuda:0')
tensor([0, 1, 0, 1], device='cuda:0')
tensor([0, 0, 1, 0], device='cuda:0')
tensor([0, 1, 0, 0], device='cuda:0')
tensor([0, 0, 0, 0], device='cuda:0')
tensor([1, 0, 0, 0], device='cuda:0')
tensor([0, 0, 1, 0], device='cuda:0')
tensor([1, 1, 0, 1], device='cuda:0')
tensor([1, 1, 0, 1], device='cuda:0')
tensor([1, 1, 1, 0], device='cuda:0')
tensor([0, 0, 0, 0], device='cuda:0')
tensor([1, 1, 1, 1], device='cuda:0')
tensor([0, 1, 1, 1], device='cuda:0')
tensor([0, 1, 1, 1], device='cuda:0')
tensor([0, 0, 1, 0], device='cuda:0')
tensor([0, 0, 0, 0], device='cuda:0')
tensor([1, 0, 0, 1], device='cuda:0')
tensor([0, 1, 1, 0], device='cuda:0')
tensor([0, 1, 0, 0], device='cuda:0')
tensor([0, 0, 1, 0], device='cuda:0')
tensor([1, 1, 0, 1], device='cuda:0')
tensor([0, 1, 1, 0], device='cuda:0')
tensor([0, 0, 1, 1], device='cuda:0')
tensor([1, 0, 1, 0], device='cuda:0')
tensor([1, 0, 1, 0], device='cuda:0')
tensor([1, 0, 1, 1], device='cuda:0')
tensor([0, 0, 1, 0], device='cuda:0')
tensor([0, 1, 0, 1], device='cuda:0')
tensor([1, 0, 1, 1], device='cuda:0')
tensor([0, 1, 0, 1], device='cuda:0')
tensor([1, 0, 1, 0], device='cuda:0')
tensor([1, 1, 0, 0], device='cuda:0')
tensor([0, 1, 1, 1], device='cuda:0')
tensor([0, 0, 0, 0], device='cuda:0')
tensor([0, 1, 1, 0], device='cuda:0')
tensor([0, 0, 1, 1], device='cuda:0')
tensor([1, 0, 1, 1], device='cuda:0')
tensor([0, 1, 1, 0], device='cuda:0')
tensor([0, 0, 1, 1], device='cuda:0')
tensor([0, 0, 0, 0], device='cuda:0')
tensor([0, 0, 1, 0], device='cuda:0')
tensor([0, 0, 1, 0], device='cuda:0')
tensor([0, 0, 0, 1], device='cuda:0')
tensor([1, 0, 0, 0], device='cuda:0')
tensor([0, 0, 1, 0], device='cuda:0')
tensor([0, 0, 1, 0], device='cuda:0')
tensor([1, 1, 0, 1], device='cuda:0')
tensor([0, 0, 0, 1], device='cuda:0')
tensor([1, 0, 0, 1], device='cuda:0')
tensor([1, 1, 1, 0], device='cuda:0')
tensor([1, 0, 0, 0], device='cuda:0')
tensor([1, 0, 1, 1], device='cuda:0')
tensor([0, 0, 0, 1], device='cuda:0')
tensor([0, 1, 1, 1], device='cuda:0')
tensor([0, 0, 0, 0], device='cuda:0')
tensor([0, 1, 0, 0], device='cuda:0')
tensor([0, 0, 1, 1], device='cuda:0')
tensor([0, 1, 1], device='cuda:0')
Test Error: 
 Accuracy: 68.9%, Avg loss: 0.685285 

Epoch 4
-------------------------------
loss: 0.343873  [    0/  629]
loss: 0.177996  [   40/  629]
loss: 0.667124  [   80/  629]
loss: 1.021015  [  120/  629]
loss: 0.317730  [  160/  629]
loss: 1.506493  [  200/  629]
loss: 0.770321  [  240/  629]
loss: 0.472994  [  280/  629]
loss: 0.592829  [  320/  629]
loss: 0.317533  [  360/  629]
loss: 1.227587  [  400/  629]
loss: 0.945592  [  440/  629]
loss: 0.856033  [  480/  629]
loss: 0.216102  [  520/  629]
loss: 0.205612  [  560/  629]
loss: 0.757084  [  600/  629]
tensor([0, 1, 1, 0], device='cuda:0')
tensor([1, 0, 0, 1], device='cuda:0')
tensor([0, 1, 1, 1], device='cuda:0')
tensor([1, 1, 1, 1], device='cuda:0')
tensor([0, 1, 1, 1], device='cuda:0')
tensor([1, 1, 1, 0], device='cuda:0')
tensor([0, 0, 0, 0], device='cuda:0')
tensor([1, 1, 1, 0], device='cuda:0')
tensor([0, 0, 1, 0], device='cuda:0')
tensor([1, 0, 0, 0], device='cuda:0')
tensor([0, 1, 0, 1], device='cuda:0')
tensor([1, 0, 1, 0], device='cuda:0')
tensor([0, 0, 0, 1], device='cuda:0')
tensor([1, 1, 1, 1], device='cuda:0')
tensor([1, 0, 0, 0], device='cuda:0')
tensor([0, 0, 1, 0], device='cuda:0')
tensor([1, 1, 0, 1], device='cuda:0')
tensor([0, 1, 0, 1], device='cuda:0')
tensor([0, 1, 1, 0], device='cuda:0')
tensor([1, 0, 1, 0], device='cuda:0')
tensor([0, 1, 0, 0], device='cuda:0')
tensor([1, 1, 0, 1], device='cuda:0')
tensor([1, 0, 0, 0], device='cuda:0')
tensor([1, 1, 0, 0], device='cuda:0')
tensor([0, 0, 0, 0], device='cuda:0')
tensor([1, 0, 0, 1], device='cuda:0')
tensor([0, 0, 1, 0], device='cuda:0')
tensor([0, 1, 1, 1], device='cuda:0')
tensor([0, 0, 0, 1], device='cuda:0')
tensor([1, 0, 0, 0], device='cuda:0')
tensor([1, 1, 1, 1], device='cuda:0')
tensor([0, 0, 1, 0], device='cuda:0')
tensor([1, 1, 0, 1], device='cuda:0')
tensor([0, 1, 0, 0], device='cuda:0')
tensor([0, 0, 1, 1], device='cuda:0')
tensor([0, 1, 1, 1], device='cuda:0')
tensor([1, 0, 0, 0], device='cuda:0')
tensor([1, 1, 0, 0], device='cuda:0')
tensor([1, 0, 1, 0], device='cuda:0')
tensor([1, 1, 1, 1], device='cuda:0')
tensor([0, 1, 1, 1], device='cuda:0')
tensor([1, 0, 1, 0], device='cuda:0')
tensor([1, 1, 1, 1], device='cuda:0')
tensor([1, 1, 0, 1], device='cuda:0')
tensor([0, 1, 0, 1], device='cuda:0')
tensor([0, 0, 1, 1], device='cuda:0')
tensor([0, 0, 0, 1], device='cuda:0')
tensor([1, 1, 0, 0], device='cuda:0')
tensor([0, 1, 0, 1], device='cuda:0')
tensor([0, 0, 0, 1], device='cuda:0')
tensor([0, 1, 0, 0], device='cuda:0')
tensor([0, 0, 0, 0], device='cuda:0')
tensor([1, 1, 1, 0], device='cuda:0')
tensor([1, 0, 1, 0], device='cuda:0')
tensor([1, 0, 0, 0], device='cuda:0')
tensor([0, 1, 1, 1], device='cuda:0')
tensor([1, 1, 0, 0], device='cuda:0')
tensor([0, 0, 0, 0], device='cuda:0')
tensor([0, 0, 0, 0], device='cuda:0')
tensor([1, 0, 0, 0], device='cuda:0')
tensor([1, 0, 1, 1], device='cuda:0')
tensor([1, 0, 0, 0], device='cuda:0')
tensor([0, 0, 1, 1], device='cuda:0')
tensor([1, 0, 1, 1], device='cuda:0')
tensor([1, 0, 0, 0], device='cuda:0')
tensor([1, 1, 0, 1], device='cuda:0')
tensor([0, 1, 0, 0], device='cuda:0')
tensor([0, 0, 0, 1], device='cuda:0')
tensor([1, 1, 1, 1], device='cuda:0')
tensor([1, 1, 0, 0], device='cuda:0')
tensor([0, 0, 1, 0], device='cuda:0')
tensor([1, 0, 0, 0], device='cuda:0')
tensor([1, 1, 0, 0], device='cuda:0')
tensor([0, 0, 1, 0], device='cuda:0')
tensor([0, 0, 1, 1], device='cuda:0')
tensor([0, 0, 0, 0], device='cuda:0')
tensor([0, 1, 0, 0], device='cuda:0')
tensor([0, 1, 0, 0], device='cuda:0')
tensor([0, 1, 0, 0], device='cuda:0')
tensor([1, 0, 1, 0], device='cuda:0')
tensor([1, 1, 1, 0], device='cuda:0')
tensor([1, 0, 0, 0], device='cuda:0')
tensor([0, 0, 0, 1], device='cuda:0')
tensor([0, 1, 1, 0], device='cuda:0')
tensor([0, 1, 0, 1], device='cuda:0')
tensor([0, 0, 1, 0], device='cuda:0')
tensor([1, 1, 0, 0], device='cuda:0')
tensor([0, 0, 0, 0], device='cuda:0')
tensor([0, 1, 1, 0], device='cuda:0')
tensor([0, 1, 0, 0], device='cuda:0')
tensor([0, 0, 0, 1], device='cuda:0')
tensor([1, 0, 0, 0], device='cuda:0')
tensor([0, 0, 1, 1], device='cuda:0')
tensor([1, 0, 1, 1], device='cuda:0')
tensor([1, 0, 0, 0], device='cuda:0')
tensor([1, 1, 0, 1], device='cuda:0')
tensor([0, 1, 0, 0], device='cuda:0')
tensor([0, 0, 1, 0], device='cuda:0')
tensor([0, 1, 1, 1], device='cuda:0')
tensor([0, 1, 0, 1], device='cuda:0')
tensor([0, 0, 1, 0], device='cuda:0')
tensor([1, 1, 0, 0], device='cuda:0')
tensor([0, 0, 0, 1], device='cuda:0')
tensor([0, 0, 1, 0], device='cuda:0')
tensor([1, 1, 0, 0], device='cuda:0')
tensor([1, 1, 1, 0], device='cuda:0')
tensor([0, 0, 0, 1], device='cuda:0')
tensor([1, 0, 0, 1], device='cuda:0')
tensor([0, 0, 0, 0], device='cuda:0')
tensor([1, 0, 0, 0], device='cuda:0')
tensor([1, 1, 0, 0], device='cuda:0')
tensor([1, 1, 1, 1], device='cuda:0')
tensor([0, 0, 1, 1], device='cuda:0')
tensor([0, 0, 1, 1], device='cuda:0')
tensor([0, 0, 1, 0], device='cuda:0')
tensor([0, 0, 0, 1], device='cuda:0')
tensor([1, 0, 0, 1], device='cuda:0')
tensor([0, 0, 1, 1], device='cuda:0')
tensor([1, 0, 0, 0], device='cuda:0')
tensor([1, 0, 0, 1], device='cuda:0')
tensor([1, 1, 1, 1], device='cuda:0')
tensor([1, 0, 0, 1], device='cuda:0')
tensor([0, 1, 0, 0], device='cuda:0')
tensor([1, 1, 0, 1], device='cuda:0')
tensor([1, 0, 0, 0], device='cuda:0')
tensor([1, 0, 0, 0], device='cuda:0')
tensor([1, 0, 1, 0], device='cuda:0')
tensor([0, 1, 0, 1], device='cuda:0')
tensor([0, 1, 0, 1], device='cuda:0')
tensor([0, 0, 1, 1], device='cuda:0')
tensor([0, 1, 1, 1], device='cuda:0')
tensor([0, 1, 0, 0], device='cuda:0')
tensor([0, 0, 0, 0], device='cuda:0')
tensor([1, 1, 1, 1], device='cuda:0')
tensor([0, 1, 0, 1], device='cuda:0')
tensor([1, 0, 1, 0], device='cuda:0')
tensor([1, 0, 0, 0], device='cuda:0')
tensor([1, 0, 1, 1], device='cuda:0')
tensor([0, 1, 0, 1], device='cuda:0')
tensor([0, 0, 0, 1], device='cuda:0')
tensor([1, 0, 0, 0], device='cuda:0')
tensor([1, 1, 0, 0], device='cuda:0')
tensor([0, 1, 0, 0], device='cuda:0')
tensor([1, 0, 0, 0], device='cuda:0')
tensor([1, 0, 0, 1], device='cuda:0')
tensor([0, 0, 0, 0], device='cuda:0')
tensor([0, 1, 1, 0], device='cuda:0')
tensor([0, 0, 1, 0], device='cuda:0')
tensor([1, 0, 1, 0], device='cuda:0')
tensor([0, 1, 0, 0], device='cuda:0')
tensor([1, 0, 0, 1], device='cuda:0')
tensor([0, 1, 0, 1], device='cuda:0')
tensor([0, 0, 1, 1], device='cuda:0')
tensor([0, 1, 0], device='cuda:0')
Test Error: 
 Accuracy: 64.9%, Avg loss: 0.754596 

Epoch 5
-------------------------------
loss: 0.275039  [    0/  629]
loss: 0.448437  [   40/  629]
loss: 0.049554  [   80/  629]
loss: 0.338417  [  120/  629]
loss: 0.435375  [  160/  629]
loss: 0.874215  [  200/  629]
loss: 0.561260  [  240/  629]
loss: 1.352036  [  280/  629]
loss: 0.400521  [  320/  629]
loss: 0.157983  [  360/  629]
loss: 0.391944  [  400/  629]
loss: 0.473770  [  440/  629]
loss: 0.119057  [  480/  629]
loss: 0.296029  [  520/  629]
loss: 0.303300  [  560/  629]
loss: 0.283097  [  600/  629]
tensor([1, 0, 1, 1], device='cuda:0')
tensor([1, 0, 1, 1], device='cuda:0')
tensor([0, 1, 1, 0], device='cuda:0')
tensor([0, 0, 1, 0], device='cuda:0')
tensor([1, 0, 0, 1], device='cuda:0')
tensor([0, 0, 0, 0], device='cuda:0')
tensor([1, 1, 1, 0], device='cuda:0')
tensor([1, 0, 1, 0], device='cuda:0')
tensor([1, 1, 1, 1], device='cuda:0')
tensor([0, 1, 0, 1], device='cuda:0')
tensor([1, 0, 0, 0], device='cuda:0')
tensor([0, 1, 0, 0], device='cuda:0')
tensor([0, 1, 0, 1], device='cuda:0')
tensor([0, 0, 0, 0], device='cuda:0')
tensor([0, 0, 0, 0], device='cuda:0')
tensor([0, 1, 1, 1], device='cuda:0')
tensor([0, 0, 1, 1], device='cuda:0')
tensor([1, 0, 0, 1], device='cuda:0')
tensor([1, 1, 1, 0], device='cuda:0')
tensor([1, 1, 0, 0], device='cuda:0')
tensor([0, 0, 0, 0], device='cuda:0')
tensor([1, 0, 1, 0], device='cuda:0')
tensor([0, 0, 0, 0], device='cuda:0')
tensor([0, 1, 1, 0], device='cuda:0')
tensor([0, 0, 0, 1], device='cuda:0')
tensor([1, 0, 0, 0], device='cuda:0')
tensor([1, 0, 1, 1], device='cuda:0')
tensor([1, 1, 1, 0], device='cuda:0')
tensor([0, 1, 0, 0], device='cuda:0')
tensor([0, 0, 1, 1], device='cuda:0')
tensor([1, 1, 1, 0], device='cuda:0')
tensor([1, 1, 0, 0], device='cuda:0')
tensor([0, 1, 1, 1], device='cuda:0')
tensor([1, 0, 1, 1], device='cuda:0')
tensor([0, 0, 0, 0], device='cuda:0')
tensor([0, 0, 0, 1], device='cuda:0')
tensor([1, 1, 0, 0], device='cuda:0')
tensor([0, 1, 0, 1], device='cuda:0')
tensor([0, 0, 0, 0], device='cuda:0')
tensor([1, 0, 1, 1], device='cuda:0')
tensor([1, 0, 1, 0], device='cuda:0')
tensor([1, 0, 1, 0], device='cuda:0')
tensor([1, 0, 0, 1], device='cuda:0')
tensor([1, 0, 0, 0], device='cuda:0')
tensor([0, 0, 0, 0], device='cuda:0')
tensor([1, 1, 1, 0], device='cuda:0')
tensor([1, 1, 1, 0], device='cuda:0')
tensor([1, 0, 0, 1], device='cuda:0')
tensor([0, 0, 1, 1], device='cuda:0')
tensor([1, 1, 0, 1], device='cuda:0')
tensor([1, 1, 0, 1], device='cuda:0')
tensor([0, 0, 1, 0], device='cuda:0')
tensor([1, 0, 1, 1], device='cuda:0')
tensor([1, 1, 0, 0], device='cuda:0')
tensor([0, 1, 1, 1], device='cuda:0')
tensor([1, 0, 1, 0], device='cuda:0')
tensor([0, 0, 1, 1], device='cuda:0')
tensor([1, 0, 0, 1], device='cuda:0')
tensor([0, 0, 0, 0], device='cuda:0')
tensor([1, 0, 0, 1], device='cuda:0')
tensor([0, 0, 1, 1], device='cuda:0')
tensor([0, 0, 1, 0], device='cuda:0')
tensor([0, 0, 0, 1], device='cuda:0')
tensor([0, 0, 0, 0], device='cuda:0')
tensor([0, 0, 1, 0], device='cuda:0')
tensor([0, 1, 1, 1], device='cuda:0')
tensor([0, 0, 0, 0], device='cuda:0')
tensor([0, 0, 1, 1], device='cuda:0')
tensor([0, 1, 0, 1], device='cuda:0')
tensor([0, 0, 0, 1], device='cuda:0')
tensor([0, 0, 0, 1], device='cuda:0')
tensor([1, 1, 0, 1], device='cuda:0')
tensor([0, 0, 1, 1], device='cuda:0')
tensor([0, 0, 0, 0], device='cuda:0')
tensor([0, 1, 0, 0], device='cuda:0')
tensor([1, 1, 0, 0], device='cuda:0')
tensor([1, 0, 1, 0], device='cuda:0')
tensor([1, 1, 1, 0], device='cuda:0')
tensor([0, 0, 1, 0], device='cuda:0')
tensor([1, 1, 0, 0], device='cuda:0')
tensor([1, 0, 1, 1], device='cuda:0')
tensor([1, 1, 0, 1], device='cuda:0')
tensor([1, 0, 0, 1], device='cuda:0')
tensor([0, 0, 1, 1], device='cuda:0')
tensor([0, 0, 0, 0], device='cuda:0')
tensor([0, 0, 1, 1], device='cuda:0')
tensor([0, 1, 1, 1], device='cuda:0')
tensor([1, 1, 1, 1], device='cuda:0')
tensor([0, 0, 0, 1], device='cuda:0')
tensor([0, 1, 0, 1], device='cuda:0')
tensor([0, 1, 1, 1], device='cuda:0')
tensor([0, 0, 0, 0], device='cuda:0')
tensor([0, 0, 0, 0], device='cuda:0')
tensor([0, 1, 0, 1], device='cuda:0')
tensor([0, 0, 1, 0], device='cuda:0')
tensor([1, 0, 1, 0], device='cuda:0')
tensor([0, 0, 1, 1], device='cuda:0')
tensor([0, 0, 0, 1], device='cuda:0')
tensor([0, 1, 1, 1], device='cuda:0')
tensor([1, 1, 0, 1], device='cuda:0')
tensor([1, 1, 0, 0], device='cuda:0')
tensor([0, 0, 0, 0], device='cuda:0')
tensor([1, 0, 0, 1], device='cuda:0')
tensor([0, 1, 0, 0], device='cuda:0')
tensor([0, 1, 1, 0], device='cuda:0')
tensor([0, 1, 0, 0], device='cuda:0')
tensor([0, 0, 0, 1], device='cuda:0')
tensor([1, 0, 0, 1], device='cuda:0')
tensor([0, 0, 1, 0], device='cuda:0')
tensor([1, 1, 0, 1], device='cuda:0')
tensor([1, 0, 1, 1], device='cuda:0')
tensor([1, 0, 0, 1], device='cuda:0')
tensor([0, 0, 1, 0], device='cuda:0')
tensor([0, 0, 0, 0], device='cuda:0')
tensor([0, 1, 0, 0], device='cuda:0')
tensor([1, 0, 0, 0], device='cuda:0')
tensor([1, 1, 0, 0], device='cuda:0')
tensor([0, 0, 0, 0], device='cuda:0')
tensor([0, 0, 0, 0], device='cuda:0')
tensor([1, 0, 0, 1], device='cuda:0')
tensor([1, 1, 1, 1], device='cuda:0')
tensor([1, 1, 1, 0], device='cuda:0')
tensor([0, 1, 1, 1], device='cuda:0')
tensor([0, 0, 0, 0], device='cuda:0')
tensor([1, 0, 1, 0], device='cuda:0')
tensor([0, 1, 0, 0], device='cuda:0')
tensor([1, 1, 1, 1], device='cuda:0')
tensor([1, 1, 1, 1], device='cuda:0')
tensor([0, 0, 1, 1], device='cuda:0')
tensor([1, 1, 0, 0], device='cuda:0')
tensor([0, 0, 0, 0], device='cuda:0')
tensor([0, 0, 0, 1], device='cuda:0')
tensor([0, 1, 1, 0], device='cuda:0')
tensor([0, 0, 0, 1], device='cuda:0')
tensor([0, 1, 0, 0], device='cuda:0')
tensor([0, 1, 0, 0], device='cuda:0')
tensor([1, 0, 0, 0], device='cuda:0')
tensor([0, 0, 0, 1], device='cuda:0')
tensor([0, 0, 1, 1], device='cuda:0')
tensor([1, 1, 1, 0], device='cuda:0')
tensor([0, 1, 0, 1], device='cuda:0')
tensor([0, 1, 1, 1], device='cuda:0')
tensor([1, 0, 1, 0], device='cuda:0')
tensor([0, 0, 1, 0], device='cuda:0')
tensor([0, 1, 0, 1], device='cuda:0')
tensor([1, 0, 1, 0], device='cuda:0')
tensor([0, 1, 0, 0], device='cuda:0')
tensor([0, 0, 1, 0], device='cuda:0')
tensor([1, 1, 1, 0], device='cuda:0')
tensor([0, 1, 0, 1], device='cuda:0')
tensor([0, 0, 0, 1], device='cuda:0')
tensor([0, 1, 1, 1], device='cuda:0')
tensor([0, 0, 1, 1], device='cuda:0')
tensor([1, 0, 1], device='cuda:0')
Test Error: 
 Accuracy: 71.1%, Avg loss: 0.741544 

Epoch 6
-------------------------------
loss: 0.420346  [    0/  629]
loss: 0.081408  [   40/  629]
loss: 0.252500  [   80/  629]
loss: 0.434039  [  120/  629]
loss: 0.058557  [  160/  629]
loss: 0.126062  [  200/  629]
loss: 1.045406  [  240/  629]
loss: 0.588158  [  280/  629]
loss: 0.096113  [  320/  629]
loss: 0.020461  [  360/  629]
loss: 0.695785  [  400/  629]
loss: 0.401843  [  440/  629]
loss: 0.633671  [  480/  629]
